[2022-10-25T12:21:59.812+0000] {manager.py:483} INFO - Processing files using up to 2 processes at a time 
[2022-10-25T12:21:59.814+0000] {manager.py:484} INFO - Process each file at most once every 30 seconds
[2022-10-25T12:21:59.814+0000] {manager.py:485} INFO - Checking for new files in /opt/airflow/dags every 300 seconds
[2022-10-25T12:21:59.815+0000] {manager.py:724} INFO - Searching for files in /opt/airflow/dags
[2022-10-25T12:21:59.816+0000] {manager.py:727} INFO - There are 1 files in /opt/airflow/dags
[2022-10-25T12:21:59.960+0000] {manager.py:846} INFO - 
================================================================================
DAG File Processing Stats

File Path                                   PID  Runtime      # DAGs    # Errors  Last Runtime    Last Run
----------------------------------------  -----  ---------  --------  ----------  --------------  ----------
/opt/airflow/dags/load_etablissements.py     30  0.05s             0           0
================================================================================
[2022-10-25T12:22:30.077+0000] {manager.py:846} INFO - 
================================================================================
DAG File Processing Stats

File Path                                 PID    Runtime      # DAGs    # Errors  Last Runtime    Last Run
----------------------------------------  -----  ---------  --------  ----------  --------------  -------------------
/opt/airflow/dags/load_etablissements.py                           1           0  1.40s           2022-10-25T12:22:01
================================================================================
[2022-10-25T12:22:56.354+0000] {manager.py:465} INFO - Exiting gracefully upon receiving signal 15
